<?xml version="1.0" encoding="UTF-8"?>
<!-- Generated by org.testng.reporters.JUnitXMLReporter -->
<testsuite ignored="3" hostname="Nithya" failures="0" tests="1" name="Chrometest" time="6.126" errors="0" timestamp="2026-03-09T12:55:02 IST">
  <testcase classname="testscript.LoginTest" name="verifyTheUserisAbleToLoginUsingInvalidValidusernameandPassword" time="3.517"/>
  <testcase classname="testscript.LoginTest" name="verifyTheUserisAbleToLoginUsingInvalidValidPassword" time="0.0">
    <ignored/>
  </testcase> <!-- verifyTheUserisAbleToLoginUsingInvalidValidPassword -->
  <testcase classname="testscript.LoginTest" name="verifyTheUserisAbleToLoginUsingInvalidValidusername" time="0.0">
    <ignored/>
  </testcase> <!-- verifyTheUserisAbleToLoginUsingInvalidValidusername -->
  <testcase classname="testscript.LoginTest" name="verifyTheUserisAbleToLoginUsingValidCredentials" time="0.0">
    <ignored/>
  </testcase> <!-- verifyTheUserisAbleToLoginUsingValidCredentials -->
</testsuite> <!-- Chrometest -->
