<?xml version="1.0" encoding="UTF-8"?>
<!-- Generated by org.testng.reporters.JUnitXMLReporter -->
<testsuite ignored="3" hostname="Nithya" failures="0" tests="1" name="Firefoxtest" time="80.47" errors="0" timestamp="2026-03-09T12:56:22 IST">
  <testcase classname="testscript.LoginTest" name="verifyTheUserisAbleToLoginUsingInvalidValidusernameandPassword" time="0.846"/>
  <testcase classname="testscript.LoginTest" name="verifyTheUserisAbleToLoginUsingInvalidValidusername" time="0.0">
    <ignored/>
  </testcase> <!-- verifyTheUserisAbleToLoginUsingInvalidValidusername -->
  <testcase classname="testscript.LoginTest" name="verifyTheUserisAbleToLoginUsingValidCredentials" time="0.0">
    <ignored/>
  </testcase> <!-- verifyTheUserisAbleToLoginUsingValidCredentials -->
  <testcase classname="testscript.LoginTest" name="verifyTheUserisAbleToLoginUsingInvalidValidPassword" time="0.0">
    <ignored/>
  </testcase> <!-- verifyTheUserisAbleToLoginUsingInvalidValidPassword -->
</testsuite> <!-- Firefoxtest -->
