<?xml version="1.0" encoding="UTF-8"?>
<testng-results ignored="0" total="1" passed="1" failed="0" skipped="0">
  <reporter-output>
  </reporter-output>
  <suite started-at="2026-03-11T12:52:01 IST" name="Suite" finished-at="2026-03-11T12:52:06 IST" duration-ms="4385">
    <groups>
    </groups>
    <test started-at="2026-03-11T12:52:01 IST" name="Test" finished-at="2026-03-11T12:52:06 IST" duration-ms="4385">
      <class name="testscript.ManageNewsTest">
        <test-method is-config="true" signature="browserinitalization(java.lang.String)[pri:0, instance:testscript.ManageNewsTest@128d2484]" started-at="2026-03-11T12:52:01 IST" name="browserinitalization" finished-at="2026-03-11T12:52:03 IST" duration-ms="1863" status="PASS">
          <params>
            <param index="0">
              <value>
                <![CDATA[chrome]]>
              </value>
            </param>
          </params>
          <reporter-output>
          </reporter-output>
        </test-method> <!-- browserinitalization -->
        <test-method signature="verifyTheUserAbleToManageNewsPage()[pri:0, instance:testscript.ManageNewsTest@128d2484]" started-at="2026-03-11T12:52:03 IST" name="verifyTheUserAbleToManageNewsPage" finished-at="2026-03-11T12:52:06 IST" duration-ms="2474" status="PASS">
          <reporter-output>
          </reporter-output>
        </test-method> <!-- verifyTheUserAbleToManageNewsPage -->
      </class> <!-- testscript.ManageNewsTest -->
    </test> <!-- Test -->
  </suite> <!-- Suite -->
</testng-results>
